    private java.lang.reflect.Method getPropertyFunction(java.lang.Class, java.lang.String, java.lang.Class)
    {
        word r0, r1, r2, r3, r4, r5, i0, i1, r8, r28;

        r0 := @this;

        r1 := @parameter0;

        r2 := @parameter1;

        r3 := @parameter2;

        push null;

        store.r r4;

        load.r r2;

        load.r r0;

        fieldget android.animation.PropertyValuesHolder.mPropertyName;

        staticinvoke getMethodName;

        store.r r5;

        load.r r3;

        ifnonnull label04;

     label01:
        load.r r1;

        load.r r5;

        push null;

        virtualinvoke getMethod;

        store.r r4;

     label02:
        goto label13;

     label03:
        store.r r8;

        goto label13;

     label04:
        push 1;

        newarray;

        store.r r28;

        load.r r0;

        fieldget android.animation.PropertyValuesHolder.mValueType;

        push class "java/lang/Float";

        virtualinvoke equals;

        ifeq label05;

        staticget android.animation.PropertyValuesHolder.FLOAT_VARIANTS;

        store.r r8;

        goto label08;

     label05:
        load.r r0;

        fieldget android.animation.PropertyValuesHolder.mValueType;

        push class "java/lang/Integer";

        virtualinvoke equals;

        ifeq label06;

        staticget android.animation.PropertyValuesHolder.INTEGER_VARIANTS;

        store.r r8;

        goto label08;

     label06:
        load.r r0;

        fieldget android.animation.PropertyValuesHolder.mValueType;

        push class "java/lang/Double";

        virtualinvoke equals;

        ifeq label07;

        staticget android.animation.PropertyValuesHolder.DOUBLE_VARIANTS;

        store.r r8;

        goto label08;

     label07:
        push 1;

        newarray;

        store.r r8;

        load.r r8;

        push 0;

        load.r r0;

        fieldget android.animation.PropertyValuesHolder.mValueType;

        arraywrite.r;

     label08:
        load.r r8;

        store.r r3;

        load.r r3;

        arraylength;

        store.i i0;

        push 0;

        store.i i1;

     label09:
        load.i i1;

        load.i i0;

        ifcmpge.i label13;

        load.r r3;

        load.i i1;

        arrayread.r;

        store.r r8;

        load.r r28;

        push 0;

        load.r r8;

        arraywrite.r;

     label10:
        load.r r1;

        load.r r5;

        load.r r28;

        virtualinvoke getMethod;

        store.r r28;

        load.r r0;

        load.r r8;

        fieldput android.animation.PropertyValuesHolder.mValueType;

     label11:
        load.r r28;

        return.r;

     label12:
        store.r r8;

        inc.i i1 1;

        goto label09;

     label13:
        load.r r4;

        ifnonnull label14;

        push "PropertyValuesHolder";

        new java.lang.StringBuilder;

        dup1.r;

        specialinvoke <init>;

        push "Method ";

        virtualinvoke append;

        load.r r2;

        load.r r0;

        fieldget android.animation.PropertyValuesHolder.mPropertyName;

        staticinvoke getMethodName;

        virtualinvoke append;

        push "() with type ";

        virtualinvoke append;

        load.r r0;

        fieldget android.animation.PropertyValuesHolder.mValueType;

        virtualinvoke append;

        push " not found on target class ";

        virtualinvoke append;

        load.r r1;

        virtualinvoke append;

        virtualinvoke toString;

        staticinvoke w;

        pop;

     label14:
        load.r r4;

        return.r;

        catch java.lang.NoSuchMethodException from label01 to label02 with label03;
        catch java.lang.NoSuchMethodException from label10 to label11 with label12;
    }
